<?xml version="1.0" encoding="utf-8" standalone="no"?>
<!--This file represents the results of running a test suite-->
<test-results name="/home/kol3/development/umbraco/umbracomono/src/Umbraco.Tests/bin/Debug/Umbraco.Tests.dll" total="916" errors="5" failures="2" not-run="170" inconclusive="0" ignored="170" skipped="0" invalid="0" date="2013-10-20" time="22:38:28">
  <environment nunit-version="2.6.3.13283" clr-version="2.0.50727.1433" os-version="Unix 3.2.0.4" platform="Unix" cwd="/home/kol3/development/NUnit-2.6.3/bin" machine-name="DFG-47" user="kol3" user-domain="DFG-47" />
  <culture-info current-culture="en-GB" current-uiculture="en-GB" />
  <test-suite type="Assembly" name="/home/kol3/development/umbraco/umbracomono/src/Umbraco.Tests/bin/Debug/Umbraco.Tests.dll" executed="True" result="Failure" success="False" time="262.145" asserts="0">
    <results>
      <test-suite type="Namespace" name="Umbraco" executed="True" result="Failure" success="False" time="262.136" asserts="0">
        <results>
          <test-suite type="Namespace" name="Tests" executed="True" result="Failure" success="False" time="262.135" asserts="0">
            <results>
              <test-suite type="TestFixture" name="AsynchronousRollingFileAppenderTests" executed="True" result="Success" success="True" time="3.882" asserts="0">
                <results>
                  <test-case name="Umbraco.Tests.AsynchronousRollingFileAppenderTests.CanLogAtleast1000MessagesASecond" executed="True" result="Success" success="True" time="3.135" asserts="1" />
                  <test-case name="Umbraco.Tests.AsynchronousRollingFileAppenderTests.CanWriteToFile" executed="True" result="Success" success="True" time="0.207" asserts="2" />
                  <test-case name="Umbraco.Tests.AsynchronousRollingFileAppenderTests.ReturnsQuicklyAfterLogging100Messages" executed="True" result="Success" success="True" time="0.514" asserts="3" />
                </results>
              </test-suite>
              <test-suite type="Namespace" name="Auditing" executed="True" result="Success" success="True" time="0.943" asserts="0">
                <results>
                  <test-suite type="TestFixture" name="AuditTests" executed="True" result="Success" success="True" time="0.942" asserts="0">
                    <results>
                      <test-case name="Umbraco.Tests.Auditing.AuditTests.Can_Add_Audit_Entry" executed="True" result="Success" success="True" time="0.941" asserts="2" />
                    </results>
                  </test-suite>
                </results>
              </test-suite>
              <test-suite type="Namespace" name="BootManagers" executed="True" result="Success" success="True" time="0.091" asserts="0">
                <results>
                  <test-suite type="TestFixture" name="CoreBootManagerTests" executed="True" result="Success" success="True" time="0.090" asserts="0">
                    <results>
                      <test-case name="Umbraco.Tests.BootManagers.CoreBootManagerTests.Ensure_Legacy_Startup_Handlers_Not_Started_Until_Complete" executed="True" result="Success" success="True" time="0.083" asserts="5" />
                      <test-case name="Umbraco.Tests.BootManagers.CoreBootManagerTests.Handle_IApplicationEventHandler_Objects_Outside_Web_Context" executed="True" result="Success" success="True" time="0.001" asserts="5" />
                    </results>
                  </test-suite>
                </results>
              </test-suite>
              <test-suite type="Namespace" name="BusinessLogic" executed="True" result="Success" success="True" time="1.649" asserts="0">
                <results>
                  <test-suite type="TestFixture" name="ApplicationTest" executed="True" result="Success" success="True" time="1.216" asserts="0">
                    <results>
                      <test-case name="Umbraco.Tests.BusinessLogic.ApplicationTest.Application_Create_New_User_Assign_Application_And_Delete_User" executed="True" result="Success" success="True" time="0.423" asserts="2" />
                      <test-case name="Umbraco.Tests.BusinessLogic.ApplicationTest.Application_Make_New" executed="True" result="Success" success="True" time="0.397" asserts="2" />
                      <test-case name="Umbraco.Tests.BusinessLogic.ApplicationTest.Application_Make_New_Assign_User_And_Delete" executed="True" result="Success" success="True" time="0.376" asserts="3" />
                    </results>
                  </test-suite>
                  <test-suite type="TestFixture" name="ApplicationTreeTest" executed="True" result="Success" success="True" time="0.394" asserts="0">
                    <results>
                      <test-case name="Umbraco.Tests.BusinessLogic.ApplicationTreeTest.ApplicationTree_Make_New_Then_Delete_App" executed="True" result="Success" success="True" time="0.393" asserts="3" />
                    </results>
                  </test-suite>
                  <test-suite type="TestFixture" name="DictionaryTest" executed="False" result="Ignored">
                    <reason>
                      <message><![CDATA[]]></message>
                    </reason>
                    <results>
                      <test-case name="Umbraco.Tests.BusinessLogic.DictionaryTest.Dictionary_Attempt_Duplicate_Key" executed="False" result="Ignored">
                        <reason>
                          <message><![CDATA[]]></message>
                        </reason>
                      </test-case>
                      <test-case name="Umbraco.Tests.BusinessLogic.DictionaryTest.Dictionary_Change_Key" executed="False" result="Ignored">
                        <reason>
                          <message><![CDATA[]]></message>
                        </reason>
                      </test-case>
                      <test-case name="Umbraco.Tests.BusinessLogic.DictionaryTest.Dictionary_Contructor_Guid" executed="False" result="Ignored">
                        <reason>
                          <message><![CDATA[]]></message>
                        </reason>
                      </test-case>
                      <test-case name="Umbraco.Tests.BusinessLogic.DictionaryTest.Dictionary_Contructor_Key" executed="False" result="Ignored">
                        <reason>
                          <message><![CDATA[]]></message>
                        </reason>
                      </test-case>
                      <test-case name="Umbraco.Tests.BusinessLogic.DictionaryTest.Dictionary_Create_Add_Text_And_Delete" executed="False" result="Ignored">
                        <reason>
                          <message><![CDATA[]]></message>
                        </reason>
                      </test-case>
                      <test-case name="Umbraco.Tests.BusinessLogic.DictionaryTest.Dictionary_Delete_Parent_With_Children" executed="False" result="Ignored">
                        <reason>
                          <message><![CDATA[]]></message>
                        </reason>
                      </test-case>
                      <test-case name="Umbraco.Tests.BusinessLogic.DictionaryTest.Dictionary_Get_Top_Level_Items" executed="False" result="Ignored">
                        <reason>
                          <message><![CDATA[]]></message>
                        </reason>
                      </test-case>
                      <test-case name="Umbraco.Tests.BusinessLogic.DictionaryTest.Dictionary_IsTopMostItem" executed="False" result="Ignored">
                        <reason>
                          <message><![CDATA[]]></message>
                        </reason>
                      </test-case>
                      <test-case name="Umbraco.Tests.BusinessLogic.DictionaryTest.Dictionary_Parent_Child_Relationship" executed="False" result="Ignored">
                        <reason>
                          <message><![CDATA[]]></message>
                        </reason>
                      </test-case>
                      <test-case name="Umbraco.Tests.BusinessLogic.DictionaryTest.Dictionary_ToXml" executed="False" result="Ignored">
                        <reason>
                          <message><![CDATA[]]></message>
                        </reason>
                      </test-case>
                    </results>
                  </test-suite>
                </results>
              </test-suite>
              <test-suite type="TestFixture" name="CacheRefresherFactoryTests" executed="True" result="Success" success="True" time="0.017" asserts="0">
                <results>
                  <test-case name="Umbraco.Tests.CacheRefresherFactoryTests.Get_All_Instances" executed="True" result="Success" success="True" time="0.014" asserts="1" />
                </results>
              </test-suite>
              <test-suite type="Namespace" name="CodeFirst" executed="True" result="Success" success="True" time="7.207" asserts="0">
                <results>
                  <test-suite type="TestFixture" name="CodeFirstTests" executed="True" result="Success" success="True" time="7.177" asserts="0">
                    <results>
                      <test-case name="Umbraco.Tests.CodeFirst.CodeFirstTests.Can_Create_Model_With_NonExisting_DataTypeDefinition" executed="True" result="Success" success="True" time="0.736" asserts="1" />
                      <test-case name="Umbraco.Tests.CodeFirst.CodeFirstTests.Can_Resolve_And_Save_Decorated_Model_To_Database" executed="True" result="Success" success="True" time="0.638" asserts="3" />
                      <test-case name="Umbraco.Tests.CodeFirst.CodeFirstTests.Can_Resolve_ContentType_Composition_And_Save_To_Database" executed="True" result="Success" success="True" time="0.627" asserts="1" />
                      <test-case name="Umbraco.Tests.CodeFirst.CodeFirstTests.Can_Resolve_ContentType_From_Decorated_ContentPage_Model" executed="True" result="Success" success="True" time="0.559" asserts="6" />
                      <test-case name="Umbraco.Tests.CodeFirst.CodeFirstTests.Can_Resolve_ContentType_From_Decorated_Home_Model" executed="True" result="Success" success="True" time="0.631" asserts="4" />
                      <test-case name="Umbraco.Tests.CodeFirst.CodeFirstTests.Can_Resolve_ContentType_From_PlainPocoType_Model" executed="True" result="Success" success="True" time="0.625" asserts="5" />
                      <test-case name="Umbraco.Tests.CodeFirst.CodeFirstTests.Can_Resolve_Existing_ContentType_With_Decorated_Model" executed="True" result="Success" success="True" time="0.676" asserts="1" />
                      <test-case name="Umbraco.Tests.CodeFirst.CodeFirstTests.Can_Resolve_Full_List_Of_Models_Implementing_ContentTypeBase" executed="True" result="Success" success="True" time="0.785" asserts="1" />
                      <test-case name="Umbraco.Tests.CodeFirst.CodeFirstTests.Can_Resolve_Parent_Child_ContentTypes_And_Save_To_Database" executed="True" result="Success" success="True" time="0.604" asserts="2" />
                      <test-case name="Umbraco.Tests.CodeFirst.CodeFirstTests.Can_Retrieve_ContentTypes_After_Resolving" executed="True" result="Success" success="True" time="0.596" asserts="3" />
                      <test-case name="Umbraco.Tests.CodeFirst.CodeFirstTests.Can_Save_Models_To_Database" executed="True" result="Success" success="True" time="0.651" asserts="0" />
                    </results>
                  </test-suite>
                  <test-suite type="TestFixture" name="TypeInheritanceTest" executed="True" result="Success" success="True" time="0.021" asserts="0">
                    <results>
                      <test-case name="Umbraco.Tests.CodeFirst.TypeInheritanceTest.Can_Get_Interfaces_From_Type" executed="True" result="Success" success="True" time="0.003" asserts="3" />
                      <test-case name="Umbraco.Tests.CodeFirst.TypeInheritanceTest.Can_Get_MixinAttribute_From_Types" executed="True" result="Success" success="True" time="0.003" asserts="4" />
                      <test-case name="Umbraco.Tests.CodeFirst.TypeInheritanceTest.Ensure_Only_One_Type_List_Created" executed="True" result="Success" success="True" time="0.004" asserts="2" />
                    </results>
                  </test-suite>
                </results>
              </test-suite>
              <test-suite type="Namespace" name="Configurations" executed="True" result="Success" success="True" time="0.007" asserts="0">
                <results>
                  <test-suite type="TestFixture" name="FileSystemProviderTests" executed="True" result="Success" success="True" time="0.007" asserts="0">
                    <results>
                      <test-case name="Umbraco.Tests.Configurations.FileSystemProviderTests.Can_Get_Media_Provider" executed="True" result="Success" success="True" time="0.004" asserts="2" />
                    </results>
                  </test-suite>
                </results>
              </test-suite>
              <test-suite type="Namespace" name="ContentStores" executed="True" result="Success" success="True" time="8.646" asserts="0">
                <results>
                  <test-suite type="TestFixture" name="PublishContentStoreTests" executed="True" result="Success" success="True" time="0.556" asserts="0">
                    <results>
                      <test-suite type="ParameterizedTest" name="Get_Node_By_Route" executed="True" result="Success" success="True" time="0.289" asserts="0">
                        <results>
                          <test-case name="Umbraco.Tests.ContentStores.PublishContentStoreTests.Get_Node_By_Route(&quot;/home/Sub\'Apostrophe&quot;,1177)" executed="True" result="Success" success="True" time="0.220" asserts="2" />
                          <test-case name="Umbraco.Tests.ContentStores.PublishContentStoreTests.Get_Node_By_Route(&quot;/home/Sub1&quot;,1173)" executed="True" result="Success" success="True" time="0.006" asserts="2" />
                          <test-case name="Umbraco.Tests.ContentStores.PublishContentStoreTests.Get_Node_By_Route(&quot;/Home/sub1&quot;,1173)" executed="True" result="Success" success="True" time="0.007" asserts="2" />
                          <test-case name="Umbraco.Tests.ContentStores.PublishContentStoreTests.Get_Node_By_Route(&quot;/home/sub1&quot;,1173)" executed="True" result="Success" success="True" time="0.006" asserts="2" />
                          <test-case name="Umbraco.Tests.ContentStores.PublishContentStoreTests.Get_Node_By_Route(&quot;/Home&quot;,1046)" executed="True" result="Success" success="True" time="0.006" asserts="2" />
                          <test-case name="Umbraco.Tests.ContentStores.PublishContentStoreTests.Get_Node_By_Route(&quot;/home&quot;,1046)" executed="True" result="Success" success="True" time="0.005" asserts="2" />
                          <test-case name="Umbraco.Tests.ContentStores.PublishContentStoreTests.Get_Node_By_Route(&quot;/&quot;,1046)" executed="True" result="Success" success="True" time="0.006" asserts="2" />
                        </results>
                      </test-suite>
                      <test-suite type="ParameterizedTest" name="Get_Node_By_Route_Hiding_Top_Level_Nodes" executed="True" result="Success" success="True" time="0.050" asserts="0">
                        <results>
                          <test-case name="Umbraco.Tests.ContentStores.PublishContentStoreTests.Get_Node_By_Route_Hiding_Top_Level_Nodes(&quot;/Sub1&quot;,1173)" executed="True" result="Success" success="True" time="0.021" asserts="2" />
                          <test-case name="Umbraco.Tests.ContentStores.PublishContentStoreTests.Get_Node_By_Route_Hiding_Top_Level_Nodes(&quot;/sub1&quot;,1173)" executed="True" result="Success" success="True" time="0.006" asserts="2" />
                          <test-case name="Umbraco.Tests.ContentStores.PublishContentStoreTests.Get_Node_By_Route_Hiding_Top_Level_Nodes(&quot;/&quot;,1046)" executed="True" result="Success" success="True" time="0.005" asserts="2" />
                        </results>
                      </test-suite>
                      <test-suite type="ParameterizedTest" name="Get_Node_By_Route_Hiding_Top_Level_Nodes_LegacySchema" executed="True" result="Success" success="True" time="0.052" asserts="0">
                        <results>
                          <test-case name="Umbraco.Tests.ContentStores.PublishContentStoreTests.Get_Node_By_Route_Hiding_Top_Level_Nodes_LegacySchema(&quot;/Sub1&quot;,1173)" executed="True" result="Success" success="True" time="0.009" asserts="2" />
                          <test-case name="Umbraco.Tests.ContentStores.PublishContentStoreTests.Get_Node_By_Route_Hiding_Top_Level_Nodes_LegacySchema(&quot;/sub1&quot;,1173)" executed="True" result="Success" success="True" time="0.004" asserts="2" />
                          <test-case name="Umbraco.Tests.ContentStores.PublishContentStoreTests.Get_Node_By_Route_Hiding_Top_Level_Nodes_LegacySchema(&quot;/&quot;,1046)" executed="True" result="Success" success="True" time="0.008" asserts="2" />
                        </results>
                      </test-suite>
                      <test-suite type="ParameterizedTest" name="Get_Node_By_Route_LegacySchema" executed="True" result="Success" success="True" time="0.101" asserts="0">
                        <results>
                          <test-case name="Umbraco.Tests.ContentStores.PublishContentStoreTests.Get_Node_By_Route_LegacySchema(&quot;/home/Sub1&quot;,1173)" executed="True" result="Success" success="True" time="0.005" asserts="2" />
                          <test-case name="Umbraco.Tests.ContentStores.PublishContentStoreTests.Get_Node_By_Route_LegacySchema(&quot;/Home/sub1&quot;,1173)" executed="True" result="Success" success="True" time="0.005" asserts="2" />
                          <test-case name="Umbraco.Tests.ContentStores.PublishContentStoreTests.Get_Node_By_Route_LegacySchema(&quot;/home/sub1&quot;,1173)" executed="True" result="Success" success="True" time="0.022" asserts="2" />
                          <test-case name="Umbraco.Tests.ContentStores.PublishContentStoreTests.Get_Node_By_Route_LegacySchema(&quot;/Home&quot;,1046)" executed="True" result="Success" success="True" time="0.004" asserts="2" />
                          <test-case name="Umbraco.Tests.ContentStores.PublishContentStoreTests.Get_Node_By_Route_LegacySchema(&quot;/home&quot;,1046)" executed="True" result="Success" success="True" time="0.004" asserts="2" />
                          <test-case name="Umbraco.Tests.ContentStores.PublishContentStoreTests.Get_Node_By_Route_LegacySchema(&quot;/&quot;,1046)" executed="True" result="Success" success="True" time="0.004" asserts="2" />
                        </results>
                      </test-suite>
                      <test-case name="Umbraco.Tests.ContentStores.PublishContentStoreTests.Get_Root_Docs" executed="True" result="Success" success="True" time="0.005" asserts="3" />
                      <test-case name="Umbraco.Tests.ContentStores.PublishContentStoreTests.Get_Root_Docs_LegacySchema" executed="True" result="Success" success="True" time="0.005" asserts="3" />
                      <test-case name="Umbraco.Tests.ContentStores.PublishContentStoreTests.Has_Content" executed="True" result="Success" success="True" time="0.005" asserts="1" />
                      <test-case name="Umbraco.Tests.ContentStores.PublishContentStoreTests.Has_Content_LegacySchema" executed="True" result="Success" success="True" time="0.004" asserts="1" />
                    </results>
                  </test-suite>
                  <test-suite type="TestFixture" name="PublishMediaStoreTests" executed="True" result="Success" success="True" time="7.978" asserts="0">
                    <results>
                      <test-case name="Umbraco.Tests.ContentStores.PublishMediaStoreTests.Convert_From_Search_Result" executed="True" result="Success" success="True" time="0.621" asserts="15" />
                      <test-case name="Umbraco.Tests.ContentStores.PublishMediaStoreTests.Convert_From_XPath_Navigator" executed="True" result="Success" success="True" time="0.527" asserts="19" />
                      <test-case name="Umbraco.Tests.ContentStores.PublishMediaStoreTests.DictionaryDocument_Get_Children" executed="True" result="Success" success="True" time="0.531" asserts="3" />
                      <test-suite type="ParameterizedTest" name="DictionaryDocument_Id_Keys" executed="True" result="Success" success="True" time="1.665" asserts="0">
                        <results>
                          <test-case name="Umbraco.Tests.ContentStores.PublishMediaStoreTests.DictionaryDocument_Id_Keys(&quot;__NodeId&quot;)" executed="True" result="Success" success="True" time="0.570" asserts="15" />
                          <test-case name="Umbraco.Tests.ContentStores.PublishMediaStoreTests.DictionaryDocument_Id_Keys(&quot;nodeId&quot;)" executed="True" result="Success" success="True" time="0.563" asserts="15" />
                          <test-case name="Umbraco.Tests.ContentStores.PublishMediaStoreTests.DictionaryDocument_Id_Keys(&quot;id&quot;)" executed="True" result="Success" success="True" time="0.519" asserts="15" />
                        </results>
                      </test-suite>
                      <test-suite type="ParameterizedTest" name="DictionaryDocument_NodeName_Keys" executed="True" result="Success" success="True" time="1.067" asserts="0">
                        <results>
                          <test-case name="Umbraco.Tests.ContentStores.PublishMediaStoreTests.DictionaryDocument_NodeName_Keys(&quot;__nodeName&quot;)" executed="True" result="Success" success="True" time="0.516" asserts="15" />
                          <test-case name="Umbraco.Tests.ContentStores.PublishMediaStoreTests.DictionaryDocument_NodeName_Keys(&quot;nodeName&quot;)" executed="True" result="Success" success="True" time="0.540" asserts="15" />
                        </results>
                      </test-suite>
                      <test-suite type="ParameterizedTest" name="DictionaryDocument_NodeTypeAlias_Keys" executed="True" result="Success" success="True" time="1.178" asserts="0">
                        <results>
                          <test-case name="Umbraco.Tests.ContentStores.PublishMediaStoreTests.DictionaryDocument_NodeTypeAlias_Keys(&quot;__NodeTypeAlias&quot;)" executed="True" result="Success" success="True" time="0.583" asserts="15" />
                          <test-case name="Umbraco.Tests.ContentStores.PublishMediaStoreTests.DictionaryDocument_NodeTypeAlias_Keys(&quot;nodeTypeAlias&quot;)" executed="True" result="Success" success="True" time="0.585" asserts="15" />
                        </results>
                      </test-suite>
                      <test-suite type="ParameterizedTest" name="DictionaryDocument_Path_Keys" executed="True" result="Success" success="True" time="1.152" asserts="0">
                        <results>
                          <test-case name="Umbraco.Tests.ContentStores.PublishMediaStoreTests.DictionaryDocument_Path_Keys(&quot;__Path&quot;)" executed="True" result="Success" success="True" time="0.567" asserts="15" />
                          <test-case name="Umbraco.Tests.ContentStores.PublishMediaStoreTests.DictionaryDocument_Path_Keys(&quot;path&quot;)" executed="True" result="Success" success="True" time="0.576" asserts="15" />
                        </results>
                      </test-suite>
                      <test-suite type="ParameterizedTest" name="DictionaryDocument_Template_Keys" executed="True" result="Success" success="True" time="1.178" asserts="0">
                        <results>
                          <test-case name="Umbraco.Tests.ContentStores.PublishMediaStoreTests.DictionaryDocument_Template_Keys(&quot;templateId&quot;)" executed="True" result="Success" success="True" time="0.575" asserts="15" />
                          <test-case name="Umbraco.Tests.ContentStores.PublishMediaStoreTests.DictionaryDocument_Template_Keys(&quot;template&quot;)" executed="True" result="Success" success="True" time="0.594" asserts="15" />
                        </results>
                      </test-suite>
                      <test-case name="Umbraco.Tests.ContentStores.PublishMediaStoreTests.Get_Item_Without_Examine" executed="False" result="Ignored">
                        <reason>
                          <message><![CDATA[]]></message>
                        </reason>
                      </test-case>
                      <test-case name="Umbraco.Tests.ContentStores.PublishMediaStoreTests.Get_Root_Docs" executed="False" result="Ignored">
                        <reason>
                          <message><![CDATA[]]></message>
                        </reason>
                      </test-case>
                    </results>
                  </test-suite>
                </results>
              </test-suite>
              <test-suite type="TestFixture" name="DataTypeFactoryTests" executed="True" result="Success" success="True" time="0.010" asserts="0">
                <results>
                  <test-case name="Umbraco.Tests.DataTypeFactoryTests.Get_All_Instances" executed="True" result="Success" success="True" time="0.008" asserts="1" />
                </results>
              </test-suite>
              <test-suite type="TestFixture" name="EnumerableExtensionsTests" executed="True" result="Success" success="True" time="0.037" asserts="0">
                <results>
                  <test-suite type="ParameterizedTest" name="DistinctBy_ReturnsDistinctElements_AndResetsIteratorCorrectly" executed="True" result="Success" success="True" time="0.009" asserts="0">
                    <results>
                      <test-case name="Umbraco.Tests.EnumerableExtensionsTests.DistinctBy_ReturnsDistinctElements_AndResetsIteratorCorrectly()" executed="True" result="Success" success="True" time="0.002" asserts="2" />
                    </results>
                  </test-suite>
                  <test-case name="Umbraco.Tests.EnumerableExtensionsTests.Flatten_List" executed="True" result="Success" success="True" time="0.002" asserts="1" />
                  <test-case name="Umbraco.Tests.EnumerableExtensionsTests.Flatten_List_2" executed="True" result="Success" success="True" time="0.001" asserts="1" />
                  <test-case name="Umbraco.Tests.EnumerableExtensionsTests.InGroupsOf_ReturnsAllElements" executed="True" result="Success" success="True" time="0.006" asserts="6" />
                </results>
              </test-suite>
              <test-suite type="TestFixture" name="GlobalSettingsTests" executed="True" result="Success" success="True" time="0.437" asserts="0">
                <results>
                  <test-suite type="ParameterizedTest" name="Is_Not_Reserved_Path_Or_Url" executed="True" result="Success" success="True" time="0.105" asserts="0">
                    <results>
                      <test-case name="Umbraco.Tests.GlobalSettingsTests.Is_Not_Reserved_Path_Or_Url(&quot;/install.aspx&quot;)" executed="True" result="Success" success="True" time="0.008" asserts="1" />
                      <test-case name="Umbraco.Tests.GlobalSettingsTests.Is_Not_Reserved_Path_Or_Url(&quot;/install-test&quot;)" executed="True" result="Success" success="True" time="0.004" asserts="1" />
                      <test-case name="Umbraco.Tests.GlobalSettingsTests.Is_Not_Reserved_Path_Or_Url(&quot;/umbraco-test&quot;)" executed="True" result="Success" success="True" time="0.007" asserts="1" />
                      <test-case name="Umbraco.Tests.GlobalSettingsTests.Is_Not_Reserved_Path_Or_Url(&quot;/home.aspx&quot;)" executed="True" result="Success" success="True" time="0.004" asserts="1" />
                      <test-case name="Umbraco.Tests.GlobalSettingsTests.Is_Not_Reserved_Path_Or_Url(&quot;/&quot;)" executed="True" result="Success" success="True" time="0.005" asserts="1" />
                      <test-case name="Umbraco.Tests.GlobalSettingsTests.Is_Not_Reserved_Path_Or_Url(&quot;/base/somebasehandler&quot;)" executed="True" result="Success" success="True" time="0.005" asserts="1" />
                      <test-case name="Umbraco.Tests.GlobalSettingsTests.Is_Not_Reserved_Path_Or_Url(&quot;/umbraco_client/scrollingmenu/style.css&quot;)" executed="True" result="Success" success="True" time="0.012" asserts="1" />
                      <test-case name="Umbraco.Tests.GlobalSettingsTests.Is_Not_Reserved_Path_Or_Url(&quot;/umbraco_client/Tree/Themes/umbraco/style.css&quot;)" executed="True" result="Success" success="True" time="0.006" asserts="1" />
                      <test-case name="Umbraco.Tests.GlobalSettingsTests.Is_Not_Reserved_Path_Or_Url(&quot;/umbraco_client/Tree/treeIcons.css&quot;)" executed="True" result="Success" success="True" time="0.005" asserts="1" />
                    </results>
                  </test-suite>
                  <test-suite type="ParameterizedTest" name="Is_Reserved_By_Route" executed="True" result="Success" success="True" time="0.168" asserts="0">
                    <results>
                      <test-case name="Umbraco.Tests.GlobalSettingsTests.Is_Reserved_By_Route(&quot;/api/WebApiTest/Index/1234&quot;,False)" executed="True" result="Success" success="True" time="0.018" asserts="1" />
                      <test-case name="Umbraco.Tests.GlobalSettingsTests.Is_Reserved_By_Route(&quot;/api/WebApiTest/1234&quot;,True)" executed="True" result="Success" success="True" time="0.009" asserts="1" />
                      <test-case name="Umbraco.Tests.GlobalSettingsTests.Is_Reserved_By_Route(&quot;/api/WebApiTest&quot;,True)" executed="True" result="Success" success="True" time="0.008" asserts="1" />
                      <test-case name="Umbraco.Tests.GlobalSettingsTests.Is_Reserved_By_Route(&quot;/api&quot;,True)" executed="True" result="Success" success="True" time="0.010" asserts="1" />
                      <test-case name="Umbraco.Tests.GlobalSettingsTests.Is_Reserved_By_Route(&quot;/Umbraco/RenderMvc/Index/1234/9876&quot;,False)" executed="True" result="Success" success="True" time="0.019" asserts="1" />
                      <test-case name="Umbraco.Tests.GlobalSettingsTests.Is_Reserved_By_Route(&quot;/Umbraco/RenderMvc/Index/1234&quot;,True)" executed="True" result="Success" success="True" time="0.008" asserts="1" />
                      <test-case name="Umbraco.Tests.GlobalSettingsTests.Is_Reserved_By_Route(&quot;/Umbraco/RenderMvc/Index&quot;,True)" executed="True" result="Success" success="True" time="0.008" asserts="1" />
                      <test-case name="Umbraco.Tests.GlobalSettingsTests.Is_Reserved_By_Route(&quot;/Umbraco/RenderMvc&quot;,True)" executed="True" result="Success" success="True" time="0.009" asserts="1" />
                      <test-case name="Umbraco.Tests.GlobalSettingsTests.Is_Reserved_By_Route(&quot;/Umbraco/RenderMvcs&quot;,False)" executed="True" result="Success" success="True" time="0.009" asserts="1" />
                      <test-case name="Umbraco.Tests.GlobalSettingsTests.Is_Reserved_By_Route(&quot;/Do/Not/match&quot;,False)" executed="True" result="Success" success="True" time="0.022" asserts="1" />
                    </results>
                  </test-suite>
                  <test-suite type="ParameterizedTest" name="Is_Reserved_Path_Or_Url" executed="True" result="Success" success="True" time="0.080" asserts="0">
                    <results>
                      <test-case name="Umbraco.Tests.GlobalSettingsTests.Is_Reserved_Path_Or_Url(&quot;/config/splashes/booting.aspx&quot;)" executed="True" result="Success" success="True" time="0.005" asserts="1" />
                      <test-case name="Umbraco.Tests.GlobalSettingsTests.Is_Reserved_Path_Or_Url(&quot;/install/test.aspx&quot;)" executed="True" result="Success" success="True" time="0.006" asserts="1" />
                      <test-case name="Umbraco.Tests.GlobalSettingsTests.Is_Reserved_Path_Or_Url(&quot;/install/?installStep=asdf&quot;)" executed="True" result="Success" success="True" time="0.007" asserts="1" />
                      <test-case name="Umbraco.Tests.GlobalSettingsTests.Is_Reserved_Path_Or_Url(&quot;/install&quot;)" executed="True" result="Success" success="True" time="0.005" asserts="1" />
                      <test-case name="Umbraco.Tests.GlobalSettingsTests.Is_Reserved_Path_Or_Url(&quot;/install/&quot;)" executed="True" result="Success" success="True" time="0.005" asserts="1" />
                      <test-case name="Umbraco.Tests.GlobalSettingsTests.Is_Reserved_Path_Or_Url(&quot;/install/default.aspx&quot;)" executed="True" result="Success" success="True" time="0.005" asserts="1" />
                      <test-case name="Umbraco.Tests.GlobalSettingsTests.Is_Reserved_Path_Or_Url(&quot;/umbraco/editContent.aspx&quot;)" executed="True" result="Success" success="True" time="0.005" asserts="1" />
                      <test-case name="Umbraco.Tests.GlobalSettingsTests.Is_Reserved_Path_Or_Url(&quot;/umbraco/umbraco.aspx&quot;)" executed="True" result="Success" success="True" time="0.012" asserts="1" />
                    </results>
                  </test-suite>
                  <test-case name="Umbraco.Tests.GlobalSettingsTests.Is_Version_From_Assembly_Correct" executed="False" result="Ignored">
                    <reason>
                      <message><![CDATA[]]></message>
                    </reason>
                  </test-case>
                  <test-suite type="ParameterizedTest" name="Umbraco_Mvc_Area" executed="True" result="Success" success="True" time="0.054" asserts="0">
                    <results>
                      <test-case name="Umbraco.Tests.GlobalSettingsTests.Umbraco_Mvc_Area(&quot;~/some-wacky/nestedPath&quot;,&quot;/MyVirtualDir/NestedVDir/&quot;,&quot;some-wacky-nestedpath&quot;)" executed="True" result="Success" success="True" time="0.005" asserts="1" />
                      <test-case name="Umbraco.Tests.GlobalSettingsTests.Umbraco_Mvc_Area(&quot;~/some-wacky/nestedPath&quot;,&quot;/MyVirtualDir&quot;,&quot;some-wacky-nestedpath&quot;)" executed="True" result="Success" success="True" time="0.005" asserts="1" />
                      <test-case name="Umbraco.Tests.GlobalSettingsTests.Umbraco_Mvc_Area(&quot;~/customPath&quot;,&quot;/MyVirtualDir/&quot;,&quot;custompath&quot;)" executed="True" result="Success" success="True" time="0.006" asserts="1" />
                      <test-case name="Umbraco.Tests.GlobalSettingsTests.Umbraco_Mvc_Area(&quot;~/umbraco&quot;,&quot;/MyVirtualDir&quot;,&quot;umbraco&quot;)" executed="True" result="Success" success="True" time="0.005" asserts="1" />
                      <test-case name="Umbraco.Tests.GlobalSettingsTests.Umbraco_Mvc_Area(&quot;~/umbraco&quot;,&quot;/&quot;,&quot;umbraco&quot;)" executed="True" result="Success" success="True" time="0.005" asserts="1" />
                    </results>
                  </test-suite>
                </results>
              </test-suite>
              <test-suite type="TestFixture" name="HashCodeCombinerTests" executed="True" result="Success" success="True" time="0.253" asserts="1">
                <results>
                  <test-case name="Umbraco.Tests.HashCodeCombinerTests.HashCombiner_Test_DateTime" executed="True" result="Success" success="True" time="0.016" asserts="1">
                    <reason>
                      <message><![CDATA[SetUp : Automatically avoided running test in full trust as it passed in partial trust]]></message>
                    </reason>
                  </test-case>
                  <test-case name="Umbraco.Tests.HashCodeCombinerTests.HashCombiner_Test_File" executed="True" result="Success" success="True" time="0.021" asserts="1">
                    <reason>
                      <message><![CDATA[SetUp : Automatically avoided running test in full trust as it passed in partial trust]]></message>
                    </reason>
                  </test-case>
                  <test-case name="Umbraco.Tests.HashCodeCombinerTests.HashCombiner_Test_Folder" executed="True" result="Success" success="True" time="0.004" asserts="1">
                    <reason>
                      <message><![CDATA[SetUp : Automatically avoided running test in full trust as it passed in partial trust]]></message>
                    </reason>
                  </test-case>
                  <test-case name="Umbraco.Tests.HashCodeCombinerTests.HashCombiner_Test_Int" executed="True" result="Success" success="True" time="0.005" asserts="1">
                    <reason>
                      <message><![CDATA[SetUp : Automatically avoided running test in full trust as it passed in partial trust]]></message>
                    </reason>
                  </test-case>
                  <test-case name="Umbraco.Tests.HashCodeCombinerTests.HashCombiner_Test_String" executed="True" result="Success" success="True" time="0.005" asserts="1">
                    <reason>
                      <message><![CDATA[SetUp : Automatically avoided running test in full trust as it passed in partial trust]]></message>
                    </reason>
                  </test-case>
                </results>
              </test-suite>
              <test-suite type="TestFixture" name="HtmlHelperExtensionMethodsTests" executed="True" result="Success" success="True" time="0.025" asserts="0">
                <results>
                  <test-case name="Umbraco.Tests.HtmlHelperExtensionMethodsTests.Wrap_Object_Attributes" executed="True" result="Success" success="True" time="0.019" asserts="1" />
                  <test-case name="Umbraco.Tests.HtmlHelperExtensionMethodsTests.Wrap_Simple" executed="True" result="Success" success="True" time="0.000" asserts="1" />
                </results>
              </test-suite>
              <test-suite type="Namespace" name="Integration" executed="True" result="Inconclusive" success="False" time="0.009" asserts="0">
                <results>
                  <test-suite type="TestFixture" name="CreateContent" executed="False" result="Ignored">
                    <reason>
                      <message><![CDATA[We don't want to run Selenium tests on TeamCity]]></message>
                    </reason>
                    <results>
                      <test-case name="Umbraco.Tests.Integration.CreateContent.Install_StarterKit_And_Create_Textpage" executed="False" result="Ignored">
                        <reason>
                          <message><![CDATA[We don't want to run Selenium tests on TeamCity]]></message>
                        </reason>
                      </test-case>
                    </results>
                  </test-suite>
                  <test-suite type="TestFixture" name="InstallPackage" executed="False" result="Ignored">
                    <reason>
                      <message><![CDATA[We don't want to run Selenium tests on TeamCity]]></message>
                    </reason>
                    <results>
                      <test-case name="Umbraco.Tests.Integration.InstallPackage.Install_Contour_Package" executed="False" result="Ignored">
                        <reason>
                          <message><![CDATA[We don't want to run Selenium tests on TeamCity]]></message>
                        </reason>
                      </test-case>
                      <test-case name="Umbraco.Tests.Integration.InstallPackage.Install_Courier_Package" executed="False" result="Ignored">
                        <reason>
                          <message><![CDATA[We don't want to run Selenium tests on TeamCity]]></message>
                        </reason>
                      </test-case>
                    </results>
                  </test-suite>
                </results>
              </test-suite>
              <test-suite type="Namespace" name="IO" executed="True" result="Success" success="True" time="0.132" asserts="0">
                <results>
                  <test-suite type="TestFixture" name="FileSystemProviderManagerTests" executed="True" result="Success" success="True" time="0.029" asserts="0">
                    <results>
                      <test-case name="Umbraco.Tests.IO.FileSystemProviderManagerTests.Can_Get_Base_File_System" executed="True" result="Success" success="True" time="0.010" asserts="1" />
                      <test-case name="Umbraco.Tests.IO.FileSystemProviderManagerTests.Can_Get_Typed_File_System" executed="True" result="Success" success="True" time="0.005" asserts="1" />
                      <test-case name="Umbraco.Tests.IO.FileSystemProviderManagerTests.Exception_Thrown_On_Invalid_Typed_File_System" executed="True" result="Success" success="True" time="0.001" asserts="1" />
                    </results>
                  </test-suite>
                  <test-suite type="TestFixture" name="IOHelperTest" executed="True" result="Success" success="True" time="0.012" asserts="0">
                    <results>
                      <test-case name="Umbraco.Tests.IO.IOHelperTest.IOHelper_MapPathTestVDirTraversal" executed="True" result="Success" success="True" time="0.002" asserts="17" />
                      <test-case name="Umbraco.Tests.IO.IOHelperTest.IOHelper_ResolveUrl" executed="True" result="Success" success="True" time="0.000" asserts="1" />
                    </results>
                  </test-suite>
                  <test-suite type="TestFixture" name="PhysicalFileSystemTests" executed="True" result="Success" success="True" time="0.077" asserts="0">
                    <properties>
                      <property name="APARTMENT_STATE" value="STA" />
                    </properties>
                    <results>
                      <test-case name="Umbraco.Tests.IO.PhysicalFileSystemTests.AbstractFileSystemTests.Can_Convert_Full_Path_And_Url_To_Relative_Path" executed="True" result="Success" success="True" time="0.002" asserts="4" />
                      <test-case name="Umbraco.Tests.IO.PhysicalFileSystemTests.AbstractFileSystemTests.Can_Create_And_Delete_Files" executed="True" result="Success" success="True" time="0.001" asserts="2" />
                      <test-case name="Umbraco.Tests.IO.PhysicalFileSystemTests.AbstractFileSystemTests.Can_Get_Directories" executed="True" result="Success" success="True" time="0.004" asserts="4" />
                      <test-case name="Umbraco.Tests.IO.PhysicalFileSystemTests.AbstractFileSystemTests.Can_Get_File_Dates" executed="True" result="Success" success="True" time="0.002" asserts="6" />
                      <test-case name="Umbraco.Tests.IO.PhysicalFileSystemTests.AbstractFileSystemTests.Can_Get_File_Url" executed="True" result="Success" success="True" time="0.001" asserts="1" />
                      <test-case name="Umbraco.Tests.IO.PhysicalFileSystemTests.AbstractFileSystemTests.Can_Get_Files" executed="True" result="Success" success="True" time="0.002" asserts="2" />
                      <test-case name="Umbraco.Tests.IO.PhysicalFileSystemTests.AbstractFileSystemTests.Can_Get_Size" executed="True" result="Success" success="True" time="0.001" asserts="1" />
                      <test-case name="Umbraco.Tests.IO.PhysicalFileSystemTests.AbstractFileSystemTests.Can_Overwrite_File" executed="True" result="Success" success="True" time="0.001" asserts="1" />
                      <test-case name="Umbraco.Tests.IO.PhysicalFileSystemTests.AbstractFileSystemTests.Can_Read_File" executed="True" result="Success" success="True" time="0.001" asserts="1" />
                      <test-case name="Umbraco.Tests.IO.PhysicalFileSystemTests.AbstractFileSystemTests.Cant_Overwrite_File" executed="True" result="Success" success="True" time="0.002" asserts="0" />
                    </results>
                  </test-suite>
                </results>
              </test-suite>
              <test-suite type="Namespace" name="LegacyApi" executed="True" result="Inconclusive" success="False" time="0.006" asserts="0">
                <results>
                  <test-suite type="TestFixture" name="MediaTypeTests" executed="False" result="Ignored">
                    <reason>
                      <message><![CDATA[]]></message>
                    </reason>
                    <results>
                      <test-case name="Umbraco.Tests.LegacyApi.MediaTypeTests.Can_Set_Tab_On_PropertyType" executed="False" result="Ignored">
                        <reason>
                          <message><![CDATA[]]></message>
                        </reason>
                      </test-case>
                      <test-case name="Umbraco.Tests.LegacyApi.MediaTypeTests.Can_Verify_AllowedChildContentTypes_On_MediaType" executed="False" result="Ignored">
                        <reason>
                          <message><![CDATA[]]></message>
                        </reason>
                      </test-case>
                    </results>
                  </test-suite>
                </results>
              </test-suite>
              <test-suite type="TestFixture" name="LibraryTests" executed="True" result="Success" success="True" time="0.097" asserts="0">
                <results>
                  <test-case name="Umbraco.Tests.LibraryTests.Get_Item_Document_Property" executed="True" result="Success" success="True" time="0.044" asserts="13" />
                  <test-case name="Umbraco.Tests.LibraryTests.Get_Item_Invalid_Property" executed="True" result="Success" success="True" time="0.011" asserts="2" />
                  <test-case name="Umbraco.Tests.LibraryTests.Get_Item_User_Property" executed="True" result="Success" success="True" time="0.027" asserts="2" />
                </results>
              </test-suite>
              <test-suite type="TestFixture" name="MacroEngineFactoryTests" executed="True" result="Success" success="True" time="0.031" asserts="0">
                <results>
                  <test-case name="Umbraco.Tests.MacroEngineFactoryTests.Get_All" executed="True" result="Success" success="True" time="0.004" asserts="1" />
                  <test-case name="Umbraco.Tests.MacroEngineFactoryTests.Get_By_Extension" executed="True" result="Success" success="True" time="0.003" asserts="3" />
                  <test-case name="Umbraco.Tests.MacroEngineFactoryTests.Get_By_Filename" executed="True" result="Success" success="True" time="0.002" asserts="3" />
                  <test-case name="Umbraco.Tests.MacroEngineFactoryTests.Get_Engine" executed="True" result="Success" success="True" time="0.002" asserts="1" />
                </results>
              </test-suite>
              <test-suite type="TestFixture" name="MediaFactoryTests" executed="True" result="Success" success="True" time="0.007" asserts="0">
                <results>
                  <test-case name="Umbraco.Tests.MediaFactoryTests.Find_Media_Factories" executed="True" result="Success" success="True" time="0.005" asserts="1" />
                </results>
              </test-suite>
              <test-suite type="Namespace" name="Migrations" executed="True" result="Success" success="True" time="0.224" asserts="0">
                <results>
                  <test-suite type="TestFixture" name="AlterMigrationTests" executed="True" result="Success" success="True" time="0.008" asserts="0">
                    <results>
                      <test-case name="Umbraco.Tests.Migrations.AlterMigrationTests.Can_Get_Up_Migration_From_MigrationStub" executed="True" result="Success" success="True" time="0.006" asserts="1" />
                    </results>
                  </test-suite>
                  <test-suite type="TestFixture" name="FindingMigrationsTest" executed="True" result="Success" success="True" time="0.005" asserts="0">
                    <results>
                      <test-case name="Umbraco.Tests.Migrations.FindingMigrationsTest.Can_Find_Migrations_With_Targtet_Version_Six" executed="True" result="Success" success="True" time="0.004" asserts="2" />
                    </results>
                  </test-suite>
                  <test-suite type="TestFixture" name="TargetVersionSixthMigrationsTest" executed="True" result="Success" success="True" time="0.027" asserts="0">
                    <results>
                      <test-case name="Umbraco.Tests.Migrations.TargetVersionSixthMigrationsTest.Can_Find_Targetted_Migrations" executed="True" result="Success" success="True" time="0.025" asserts="1" />
                    </results>
                  </test-suite>
                  <test-suite type="Namespace" name="Upgrades" executed="True" result="Inconclusive" success="False" time="0.024" asserts="0">
                    <results>
                      <test-suite type="TestFixture" name="MySqlUpgradeTest" executed="False" result="Ignored">
                        <reason>
                          <message><![CDATA[]]></message>
                        </reason>
                        <results>
                          <test-case name="Umbraco.Tests.Migrations.Upgrades.MySqlUpgradeTest.BaseUpgradeTest.Can_Upgrade_From_470_To_600" executed="False" result="Ignored">
                            <reason>
                              <message><![CDATA[]]></message>
                            </reason>
                          </test-case>
                        </results>
                      </test-suite>
                      <test-suite type="TestFixture" name="SqlCeDataUpgradeTest" executed="False" result="Ignored">
                        <reason>
                          <message><![CDATA[]]></message>
                        </reason>
                        <results>
                          <test-case name="Umbraco.Tests.Migrations.Upgrades.SqlCeDataUpgradeTest.Can_Upgrade_From_470_To_600" executed="False" result="Ignored">
                            <reason>
                              <message><![CDATA[]]></message>
                            </reason>
                          </test-case>
                        </results>
                      </test-suite>
                      <test-suite type="TestFixture" name="SqlCeUpgradeTest" executed="False" result="Ignored">
                        <reason>
                          <message><![CDATA[Does not run under mono]]></message>
                        </reason>
                        <results>
                          <test-case name="Umbraco.Tests.Migrations.Upgrades.SqlCeUpgradeTest.BaseUpgradeTest.Can_Upgrade_From_470_To_600" executed="False" result="Ignored">
                            <reason>
                              <message><![CDATA[Does not run under mono]]></message>
                            </reason>
                          </test-case>
                        </results>
                      </test-suite>
                      <test-suite type="TestFixture" name="SqlServerUpgradeTest" executed="False" result="Ignored">
                        <reason>
                          <message><![CDATA[]]></message>
                        </reason>
                        <results>
                          <test-case name="Umbraco.Tests.Migrations.Upgrades.SqlServerUpgradeTest.BaseUpgradeTest.Can_Upgrade_From_470_To_600" executed="False" result="Ignored">
                            <reason>
                              <message><![CDATA[]]></message>
                            </reason>
                          </test-case>
                        </results>
                      </test-suite>
                      <test-suite type="TestFixture" name="ValidateOlderSchemaTest" executed="False" result="Ignored">
                        <reason>
                          <message><![CDATA[Do not test in mono until mysql test is done]]></message>
                        </reason>
                        <results>
                          <test-case name="Umbraco.Tests.Migrations.Upgrades.ValidateOlderSchemaTest.DatabaseSchemaCreation_Returns_DatabaseSchemaResult_Where_DetermineInstalledVersion_Is_4_7_0" executed="False" result="Ignored">
                            <reason>
                              <message><![CDATA[Do not test in mono until mysql test is done]]></message>
                            </reason>
                          </test-case>
                        </results>
                      </test-suite>
                    </results>
                  </test-suite>
                </results>
              </test-suite>
              <test-suite type="Namespace" name="Models" executed="True" result="Success" success="True" time="2.174" asserts="0">
                <results>
                  <test-suite type="Namespace" name="Collections" executed="True" result="Success" success="True" time="0.036" asserts="0">
                    <results>
                      <test-suite type="TestFixture" name="PropertyCollectionTests" executed="True" result="Success" success="True" time="0.036" asserts="0">
                        <results>
                          <test-case name="Umbraco.Tests.Models.Collections.PropertyCollectionTests.PropertyCollection_Returns_Null_On_FirstOrDefault_When_Empty" executed="True" result="Success" success="True" time="0.002" asserts="3" />
                          <test-case name="Umbraco.Tests.Models.Collections.PropertyCollectionTests.PropertyGroupCollection_Returns_Null_On_FirstOrDefault_When_Empty" executed="True" result="Success" success="True" time="0.001" asserts="2" />
                          <test-case name="Umbraco.Tests.Models.Collections.PropertyCollectionTests.PropertyGroups_Collection_FirstOrDefault_Returns_Null" executed="True" result="Success" success="True" time="0.001" asserts="4" />
                          <test-case name="Umbraco.Tests.Models.Collections.PropertyCollectionTests.PropertyTypeCollection_Returns_Null_On_FirstOrDefault_When_Empty" executed="True" result="Success" success="True" time="0.001" asserts="2" />
                          <test-case name="Umbraco.Tests.Models.Collections.PropertyCollectionTests.SimpleOrder_Returns_Null_On_FirstOrDefault_When_Empty" executed="True" result="Success" success="True" time="0.001" asserts="1" />
                        </results>
                      </test-suite>
                    </results>
                  </test-suite>
                  <test-suite type="TestFixture" name="ContentTests" executed="True" result="Success" success="True" time="0.525" asserts="0">
                    <results>
                      <test-case name="Umbraco.Tests.Models.ContentTests.Adding_PropertyGroup_To_ContentType_Results_In_Dirty_Entity" executed="True" result="Success" success="True" time="0.001" asserts="2" />
                      <test-case name="Umbraco.Tests.Models.ContentTests.Adding_PropertyType_To_PropertyGroup_On_ContentType_Results_In_Dirty_Entity" executed="True" result="Success" success="True" time="0.001" asserts="3" />
                      <test-case name="Umbraco.Tests.Models.ContentTests.Can_Add_New_Property_To_New_PropertyType" executed="True" result="Success" success="True" time="0.012" asserts="2" />
                      <test-case name="Umbraco.Tests.Models.ContentTests.Can_Add_New_Property_To_New_PropertyType_In_New_PropertyGroup" executed="True" result="Success" success="True" time="0.002" asserts="5" />
                      <test-case name="Umbraco.Tests.Models.ContentTests.Can_Add_PropertyGroup_On_ContentType" executed="True" result="Success" success="True" time="0.001" asserts="2" />
                      <test-case name="Umbraco.Tests.Models.ContentTests.Can_Add_PropertyType_To_Group_On_ContentType" executed="True" result="Success" success="True" time="0.001" asserts="2" />
                      <test-case name="Umbraco.Tests.Models.ContentTests.Can_Avoid_Circular_Dependencies_In_Composition" executed="True" result="Success" success="True" time="0.003" asserts="13" />
                      <test-case name="Umbraco.Tests.Models.ContentTests.Can_Change_ContentType_On_Content" executed="True" result="Success" success="True" time="0.001" asserts="4" />
                      <test-case name="Umbraco.Tests.Models.ContentTests.Can_Change_ContentType_On_Content_And_Clear_Old_PropertyTypes" executed="True" result="Success" success="True" time="0.003" asserts="3" />
                      <test-case name="Umbraco.Tests.Models.ContentTests.Can_Change_ContentType_On_Content_And_Set_Property_Value" executed="True" result="Success" success="True" time="0.282" asserts="2" />
                      <test-case name="Umbraco.Tests.Models.ContentTests.Can_Change_ContentType_On_Content_And_Still_Get_Old_Properties" executed="True" result="Success" success="True" time="0.001" asserts="5" />
                      <test-case name="Umbraco.Tests.Models.ContentTests.Can_Change_Property_Value" executed="True" result="Success" success="True" time="0.001" asserts="3" />
                      <test-case name="Umbraco.Tests.Models.ContentTests.Can_Change_Property_Value_Through_Anonymous_Object" executed="True" result="Success" success="True" time="0.001" asserts="5" />
                      <test-case name="Umbraco.Tests.Models.ContentTests.Can_Clone_Content" executed="True" result="Success" success="True" time="0.002" asserts="4" />
                      <test-case name="Umbraco.Tests.Models.ContentTests.Can_Compose_Composite_ContentType_Collection" executed="True" result="Success" success="True" time="0.001" asserts="3" />
                      <test-case name="Umbraco.Tests.Models.ContentTests.Can_Compose_Nested_Composite_ContentType_Collection" executed="True" result="Success" success="True" time="0.001" asserts="5" />
                      <test-case name="Umbraco.Tests.Models.ContentTests.Can_Remove_PropertyGroup_From_ContentType" executed="True" result="Success" success="True" time="0.001" asserts="1" />
                      <test-case name="Umbraco.Tests.Models.ContentTests.Can_Set_Property_Value_As_HttpPostedFileBase" executed="True" result="Success" success="True" time="0.041" asserts="3" />
                      <test-case name="Umbraco.Tests.Models.ContentTests.Can_Set_Property_Value_As_String" executed="True" result="Success" success="True" time="0.001" asserts="3" />
                      <test-case name="Umbraco.Tests.Models.ContentTests.Can_Update_PropertyType_Through_Content_Properties" executed="True" result="Success" success="True" time="0.002" asserts="3" />
                      <test-case name="Umbraco.Tests.Models.ContentTests.Can_Verify_Content_Is_Published" executed="True" result="Success" success="True" time="0.001" asserts="3" />
                      <test-case name="Umbraco.Tests.Models.ContentTests.Can_Verify_Content_Is_Trashed" executed="True" result="Success" success="True" time="0.001" asserts="3" />
                      <test-case name="Umbraco.Tests.Models.ContentTests.Can_Verify_Dirty_Property_On_Content" executed="True" result="Success" success="True" time="0.001" asserts="2" />
                      <test-case name="Umbraco.Tests.Models.ContentTests.Can_Verify_Mocked_Content" executed="True" result="Success" success="True" time="0.000" asserts="1" />
                    </results>
                  </test-suite>
                  <test-suite type="TestFixture" name="ContentXmlTest" executed="True" result="Success" success="True" time="0.740" asserts="0">
                    <results>
                      <test-case name="Umbraco.Tests.Models.ContentXmlTest.Can_Generate_Xml_Representation_Of_Content" executed="True" result="Success" success="True" time="0.739" asserts="22" />
                    </results>
                  </test-suite>
                  <test-suite type="TestFixture" name="MacroTests" executed="True" result="Success" success="True" time="0.063" asserts="0">
                    <results>
                      <test-case name="Umbraco.Tests.Models.MacroTests.Can_Create_And_Serialize_Macro" executed="True" result="Success" success="True" time="0.012" asserts="5" />
                      <test-case name="Umbraco.Tests.Models.MacroTests.Can_Create_And_Serialize_Then_Deserialize_Macro" executed="True" result="Success" success="True" time="0.033" asserts="8" />
                      <test-case name="Umbraco.Tests.Models.MacroTests.Can_Read_And_Deserialize_Macro_From_Disc" executed="True" result="Success" success="True" time="0.002" asserts="6" />
                      <test-case name="Umbraco.Tests.Models.MacroTests.Can_Write_Serialized_Macro_To_Disc" executed="True" result="Success" success="True" time="0.001" asserts="3" />
                    </results>
                  </test-suite>
                  <test-suite type="TestFixture" name="MediaXmlTest" executed="True" result="Success" success="True" time="0.616" asserts="0">
                    <results>
                      <test-case name="Umbraco.Tests.Models.MediaXmlTest.Can_Generate_Xml_Representation_Of_Media" executed="True" result="Success" success="True" time="0.614" asserts="22" />
                    </results>
                  </test-suite>
                  <test-suite type="TestFixture" name="StylesheetTests" executed="True" result="Success" success="True" time="0.156" asserts="0">
                    <results>
                      <test-case name="Umbraco.Tests.Models.StylesheetTests.Can_Create_Stylesheet" executed="True" result="Success" success="True" time="0.001" asserts="2" />
                      <test-case name="Umbraco.Tests.Models.StylesheetTests.Can_Get_Properties_From_Css" executed="True" result="Success" success="True" time="0.015" asserts="3" />
                      <test-case name="Umbraco.Tests.Models.StylesheetTests.Can_InValidate_Stylesheet" executed="True" result="Success" success="True" time="0.002" asserts="2" />
                      <test-case name="Umbraco.Tests.Models.StylesheetTests.Can_Validate_Css3_Stylesheet" executed="True" result="Success" success="True" time="0.002" asserts="2" />
                      <test-case name="Umbraco.Tests.Models.StylesheetTests.Can_Validate_Stylesheet" executed="True" result="Success" success="True" time="0.001" asserts="2" />
                      <test-case name="Umbraco.Tests.Models.StylesheetTests.Can_Verify_Mixed_Css_Css3_Property_From_Css" executed="True" result="Success" success="True" time="0.001" asserts="3" />
                      <test-case name="Umbraco.Tests.Models.StylesheetTests.Can_Verify_Multiple_Properties_From_Css_Selectors" executed="True" result="Success" success="True" time="0.001" asserts="2" />
                      <test-case name="Umbraco.Tests.Models.StylesheetTests.Can_Verify_Property_From_Css" executed="True" result="Success" success="True" time="0.001" asserts="3" />
                    </results>
                  </test-suite>
                </results>
              </test-suite>
              <test-suite type="TestFixture" name="ObjectExtensionsTests" executed="True" result="Success" success="True" time="0.207" asserts="1">
                <results>
                  <test-case name="Umbraco.Tests.ObjectExtensionsTests.CanConvertIntToNullableInt" executed="True" result="Success" success="True" time="0.003" asserts="1" />
                  <test-case name="Umbraco.Tests.ObjectExtensionsTests.CanConvertNullableIntToInt" executed="True" result="Success" success="True" time="0.001" asserts="1" />
                  <test-case name="Umbraco.Tests.ObjectExtensionsTests.CanConvertStringToBool" executed="True" result="Success" success="True" time="0.002" asserts="18" />
                  <test-case name="Umbraco.Tests.ObjectExtensionsTests.CanConvertStringToDateTime" executed="True" result="Success" success="True" time="0.003" asserts="20" />
                  <test-case name="Umbraco.Tests.ObjectExtensionsTests.ObjectExtensions_Object_To_Dictionary" executed="True" result="Success" success="True" time="0.018" asserts="1">
                    <reason>
                      <message><![CDATA[SetUp : Automatically avoided running test in full trust as it passed in partial trust]]></message>
                    </reason>
                  </test-case>
                </results>
              </test-suite>
              <test-suite type="Namespace" name="PartialTrust" executed="True" result="Failure" success="False" time="0.381" asserts="0">
                <results>
                  <test-suite type="TestFixture" name="PartialTrustFixtureFixture" executed="True" result="Failure" success="False" time="0.201" asserts="1">
                    <results>
                      <test-case name="Umbraco.Tests.PartialTrust.PartialTrustFixtureFixture.InPartialTrust_WhenMethodShouldNotSucceed_PartialTrustHelper_ReportsFailure" executed="True" result="Failure" success="False" time="0.012" asserts="1">
                        <failure>
                          <message><![CDATA[SetUp : NUnit.Framework.AssertionException: CAS Support experimental in mono - cannot get this work yet. http://www.mono-project.com/CAS
  at NUnit.Framework.Assert.Fail (System.String message, System.Object[] args) [0x00000] in <filename unknown>:0 
  at NUnit.Framework.Assert.Fail (System.String message) [0x00000] in <filename unknown>:0 
  at Umbraco.Tests.PartialTrust.PartialTrustFixtureFixture.InPartialTrust_WhenMethodShouldNotSucceed_PartialTrustHelper_ReportsFailure () [0x00000] in <filename unknown>:0 
  at (wrapper managed-to-native) System.Reflection.MonoMethod:InternalInvoke (System.Reflection.MonoMethod,object,object[],System.Exception&)
  at System.Reflection.MonoMethod.Invoke (System.Object obj, BindingFlags invokeAttr, System.Reflection.Binder binder, System.Object[] parameters, System.Globalization.CultureInfo culture) [0x00000] in <filename unknown>:0 ]]></message>
                          <stack-trace><![CDATA[at Umbraco.Tests.PartialTrust.PartialTrustHelper`1[Umbraco.Tests.PartialTrust.PartialTrustFixtureFixture].RunInPartial (System.Reflection.MethodInfo methodInfo, System.AppDomain partiallyTrustedDomain, Umbraco.Tests.PartialTrust.PartialTrustMethodRunner`1 marshaller) [0x00000] in <filename unknown>:0
at Umbraco.Tests.PartialTrust.PartialTrustHelper`1[Umbraco.Tests.PartialTrust.PartialTrustFixtureFixture].CheckRunNUnitTestInPartialTrust (System.AppDomain withAppDomain, Umbraco.Tests.PartialTrust.PartialTrustMethodRunner`1 marshaller) [0x00000] in <filename unknown>:0
at Umbraco.Tests.PartialTrust.AbstractPartialTrustFixture`1[Umbraco.Tests.PartialTrust.PartialTrustFixtureFixture].PartialTrustSetup () [0x00000] in <filename unknown>:0
]]></stack-trace>
                        </failure>
                      </test-case>
                      <test-case name="Umbraco.Tests.PartialTrust.PartialTrustFixtureFixture.InPartialTrust_WhenMethodShouldSucceed_PartialTrustHelper_ReportsSuccess" executed="True" result="Success" success="True" time="0.004" asserts="1">
                        <reason>
                          <message><![CDATA[SetUp : Automatically avoided running test in full trust as it passed in partial trust]]></message>
                        </reason>
                      </test-case>
                    </results>
                  </test-suite>
                  <test-suite type="TestFixture" name="PartialTrustHelperFixture" executed="True" result="Failure" success="False" time="0.177" asserts="0">
                    <results>
                      <test-case name="Umbraco.Tests.PartialTrust.PartialTrustHelperFixture.InPartialTrust_WhenMethodShouldNotSucceed_PartialTrustHelper_ReportsFailure" executed="True" result="Failure" success="False" time="0.001" asserts="0">
                        <failure>
                          <message><![CDATA[CAS Support experimental in mono - cannot get this work yet. http://www.mono-project.com/CAS]]></message>
                          <stack-trace><![CDATA[at Umbraco.Tests.PartialTrust.PartialTrustHelperFixture.InPartialTrust_WhenMethodShouldNotSucceed_PartialTrustHelper_ReportsFailure () [0x00000] in <filename unknown>:0
]]></stack-trace>
                        </failure>
                      </test-case>
                      <test-case name="Umbraco.Tests.PartialTrust.PartialTrustHelperFixture.InPartialTrust_WhenMethodShouldSucceed_PartialTrustHelper_ReportsSuccess" executed="True" result="Success" success="True" time="0.167" asserts="2">
                        <reason>
                          <message><![CDATA[]]></message>
                        </reason>
                      </test-case>
                    </results>
                  </test-suite>
                </results>
              </test-suite>
              <test-suite type="Namespace" name="Persistence" executed="True" result="Success" success="True" time="67.041" asserts="0">
                <results>
                  <test-suite type="Namespace" name="Caching" executed="True" result="Success" success="True" time="0.074" asserts="0">
                    <results>
                      <test-suite type="TestFixture" name="InMemoryCacheProviderTest" executed="True" result="Success" success="True" time="0.031" asserts="0">
                        <results>
                          <test-case name="Umbraco.Tests.Persistence.Caching.InMemoryCacheProviderTest.Can_Delete_Entity_From_Registry" executed="True" result="Success" success="True" time="0.005" asserts="2" />
                          <test-case name="Umbraco.Tests.Persistence.Caching.InMemoryCacheProviderTest.Can_Get_Entities_By_Ids_From_Registry" executed="True" result="Success" success="True" time="0.004" asserts="4" />
                          <test-case name="Umbraco.Tests.Persistence.Caching.InMemoryCacheProviderTest.Can_Get_Entities_By_Type_From_Registry" executed="True" result="Success" success="True" time="0.001" asserts="3" />
                          <test-case name="Umbraco.Tests.Persistence.Caching.InMemoryCacheProviderTest.Can_Get_Entity_From_Registry" executed="True" result="Success" success="True" time="0.001" asserts="3" />
                        </results>
                      </test-suite>
                      <test-suite type="TestFixture" name="RuntimeCacheProviderTest" executed="True" result="Success" success="True" time="0.032" asserts="0">
                        <results>
                          <test-case name="Umbraco.Tests.Persistence.Caching.RuntimeCacheProviderTest.Can_Delete_Entity_From_Registry" executed="True" result="Success" success="True" time="0.009" asserts="2" />
                          <test-case name="Umbraco.Tests.Persistence.Caching.RuntimeCacheProviderTest.Can_Get_Entities_By_Ids_From_Registry" executed="True" result="Success" success="True" time="0.003" asserts="4" />
                          <test-case name="Umbraco.Tests.Persistence.Caching.RuntimeCacheProviderTest.Can_Get_Entities_By_Type_From_Registry" executed="True" result="Success" success="True" time="0.001" asserts="3" />
                          <test-case name="Umbraco.Tests.Persistence.Caching.RuntimeCacheProviderTest.Can_Get_Entity_From_Registry" executed="True" result="Success" success="True" time="0.001" asserts="3" />
                        </results>
                      </test-suite>
                    </results>
                  </test-suite>
                  <test-suite type="TestFixture" name="DatabaseContextTests" executed="True" result="Success" success="True" time="0.630" asserts="0">
                    <results>
                      <test-suite type="ParameterizedTest" name="Build_Azure_Connection_String_CustomServer" executed="True" result="Success" success="True" time="0.038" asserts="0">
                        <results>
                          <test-case name="Umbraco.Tests.Persistence.DatabaseContextTests.Build_Azure_Connection_String_CustomServer(&quot;tcp:kzeej5z8ty.ssmsawacluster4.windowsazure.mscds.com&quot;,&quot;MyDatabase&quot;,&quot;MyUser@kzeej5z8ty&quot;,&quot;MyPassword&quot;)" executed="True" result="Success" success="True" time="0.003" asserts="1" />
                          <test-case name="Umbraco.Tests.Persistence.DatabaseContextTests.Build_Azure_Connection_String_CustomServer(&quot;tcp:kzeej5z8ty.ssmsawacluster4.windowsazure.mscds.com&quot;,&quot;MyDatabase&quot;,&quot;MyUser&quot;,&quot;MyPassword&quot;)" executed="True" result="Success" success="True" time="0.003" asserts="1" />
                          <test-case name="Umbraco.Tests.Persistence.DatabaseContextTests.Build_Azure_Connection_String_CustomServer(&quot;tcp:kzeej5z8ty.ssmsawacluster4.windowsazure.mscds.com,1433&quot;,&quot;MyDatabase&quot;,&quot;MyUser@kzeej5z8ty&quot;,&quot;MyPassword&quot;)" executed="True" result="Success" success="True" time="0.003" asserts="1" />
                          <test-case name="Umbraco.Tests.Persistence.DatabaseContextTests.Build_Azure_Connection_String_CustomServer(&quot;tcp:kzeej5z8ty.ssmsawacluster4.windowsazure.mscds.com,1433&quot;,&quot;MyDatabase&quot;,&quot;MyUser&quot;,&quot;MyPassword&quot;)" executed="True" result="Success" success="True" time="0.002" asserts="1" />
                        </results>
                      </test-suite>
                      <test-suite type="ParameterizedTest" name="Build_Azure_Connection_String_Regular" executed="True" result="Success" success="True" time="0.085" asserts="0">
                        <results>
                          <test-case name="Umbraco.Tests.Persistence.DatabaseContextTests.Build_Azure_Connection_String_Regular(&quot;tcp:MyServer.database.windows.net,1433&quot;,&quot;MyDatabase&quot;,&quot;MyUser@MyServer&quot;,&quot;MyPassword&quot;)" executed="True" result="Success" success="True" time="0.003" asserts="1" />
                          <test-case name="Umbraco.Tests.Persistence.DatabaseContextTests.Build_Azure_Connection_String_Regular(&quot;tcp:MyServer.database.windows.net,1433&quot;,&quot;MyDatabase&quot;,&quot;MyUser&quot;,&quot;MyPassword&quot;)" executed="True" result="Success" success="True" time="0.002" asserts="1" />
                          <test-case name="Umbraco.Tests.Persistence.DatabaseContextTests.Build_Azure_Connection_String_Regular(&quot;tcp:MyServer.database.windows.net&quot;,&quot;MyDatabase&quot;,&quot;MyUser@MyServer&quot;,&quot;MyPassword&quot;)" executed="True" result="Success" success="True" time="0.003" asserts="1" />
                          <test-case name="Umbraco.Tests.Persistence.DatabaseContextTests.Build_Azure_Connection_String_Regular(&quot;tcp:MyServer.database.windows.net&quot;,&quot;MyDatabase&quot;,&quot;MyUser&quot;,&quot;MyPassword&quot;)" executed="True" result="Success" success="True" time="0.004" asserts="1" />
                          <test-case name="Umbraco.Tests.Persistence.DatabaseContextTests.Build_Azure_Connection_String_Regular(&quot;tcp:MyServer,1433&quot;,&quot;MyDatabase&quot;,&quot;MyUser@MyServer&quot;,&quot;MyPassword&quot;)" executed="True" result="Success" success="True" time="0.002" asserts="1" />
                          <test-case name="Umbraco.Tests.Persistence.DatabaseContextTests.Build_Azure_Connection_String_Regular(&quot;tcp:MyServer,1433&quot;,&quot;MyDatabase&quot;,&quot;MyUser&quot;,&quot;MyPassword&quot;)" executed="True" result="Success" success="True" time="0.003" asserts="1" />
                          <test-case name="Umbraco.Tests.Persistence.DatabaseContextTests.Build_Azure_Connection_String_Regular(&quot;tcp:MyServer&quot;,&quot;MyDatabase&quot;,&quot;MyUser@MyServer&quot;,&quot;MyPassword&quot;)" executed="True" result="Success" success="True" time="0.005" asserts="1" />
                          <test-case name="Umbraco.Tests.Persistence.DatabaseContextTests.Build_Azure_Connection_String_Regular(&quot;tcp:MyServer&quot;,&quot;MyDatabase&quot;,&quot;MyUser&quot;,&quot;MyPassword&quot;)" executed="True" result="Success" success="True" time="0.003" asserts="1" />
                          <test-case name="Umbraco.Tests.Persistence.DatabaseContextTests.Build_Azure_Connection_String_Regular(&quot;MyServer&quot;,&quot;MyDatabase&quot;,&quot;MyUser@MyServer&quot;,&quot;MyPassword&quot;)" executed="True" result="Success" success="True" time="0.002" asserts="1" />
                          <test-case name="Umbraco.Tests.Persistence.DatabaseContextTests.Build_Azure_Connection_String_Regular(&quot;MyServer&quot;,&quot;MyDatabase&quot;,&quot;MyUser&quot;,&quot;MyPassword&quot;)" executed="True" result="Success" success="True" time="0.003" asserts="1" />
                        </results>
                      </test-suite>
                      <test-case name="Umbraco.Tests.Persistence.DatabaseContextTests.Can_Assert_Created_Database" executed="True" result="Success" success="True" time="0.473" asserts="3" />
                      <test-case name="Umbraco.Tests.Persistence.DatabaseContextTests.Can_Assert_DatabaseProvider" executed="True" result="Success" success="True" time="0.003" asserts="1" />
                      <test-case name="Umbraco.Tests.Persistence.DatabaseContextTests.Can_Verify_Single_Database_Instance" executed="True" result="Success" success="True" time="0.003" asserts="1" />
                    </results>
                  </test-suite>
                  <test-suite type="Namespace" name="Mappers" executed="True" result="Success" success="True" time="0.307" asserts="0">
                    <results>
                      <test-suite type="TestFixture" name="ContentMapperTest" executed="True" result="Success" success="True" time="0.021" asserts="0">
                        <results>
                          <test-case name="Umbraco.Tests.Persistence.Mappers.ContentMapperTest.Can_Map_Id_Property" executed="True" result="Success" success="True" time="0.001" asserts="1" />
                          <test-case name="Umbraco.Tests.Persistence.Mappers.ContentMapperTest.Can_Map_Published_Property" executed="True" result="Success" success="True" time="0.000" asserts="1" />
                          <test-case name="Umbraco.Tests.Persistence.Mappers.ContentMapperTest.Can_Map_Trashed_Property" executed="True" result="Success" success="True" time="0.000" asserts="1" />
                          <test-case name="Umbraco.Tests.Persistence.Mappers.ContentMapperTest.Can_Map_Version_Property" executed="True" result="Success" success="True" time="0.001" asserts="1" />
                        </results>
                      </test-suite>
                      <test-suite type="TestFixture" name="ContentTypeMapperTest" executed="True" result="Success" success="True" time="0.016" asserts="0">
                        <results>
                          <test-case name="Umbraco.Tests.Persistence.Mappers.ContentTypeMapperTest.Can_Map_Description_Property" executed="True" result="Success" success="True" time="0.000" asserts="1" />
                          <test-case name="Umbraco.Tests.Persistence.Mappers.ContentTypeMapperTest.Can_Map_Id_Property" executed="True" result="Success" success="True" time="0.000" asserts="1" />
                          <test-case name="Umbraco.Tests.Persistence.Mappers.ContentTypeMapperTest.Can_Map_Name_Property" executed="True" result="Success" success="True" time="0.000" asserts="1" />
                          <test-case name="Umbraco.Tests.Persistence.Mappers.ContentTypeMapperTest.Can_Map_Thumbnail_Property" executed="True" result="Success" success="True" time="0.001" asserts="1" />
                        </results>
                      </test-suite>
                      <test-suite type="TestFixture" name="DataTypeDefinitionMapperTest" executed="True" result="Success" success="True" time="0.019" asserts="0">
                        <results>
                          <test-case name="Umbraco.Tests.Persistence.Mappers.DataTypeDefinitionMapperTest.Can_Map_ControlId_Property" executed="True" result="Success" success="True" time="0.000" asserts="1" />
[...]
                      <test-case name="Umbraco.Tests.StringExtensionsTests.TrimStart(&quot;Hello this is my string&quot;,&quot;Hello this is my &quot;,&quot;string&quot;)" executed="True" result="Success" success="True" time="0.003" asserts="1" />
                      <test-case name="Umbraco.Tests.StringExtensionsTests.TrimStart(&quot;Hello this is my string&quot;,&quot;Hello this&quot;,&quot; is my string&quot;)" executed="True" result="Success" success="True" time="0.003" asserts="1" />
                      <test-case name="Umbraco.Tests.StringExtensionsTests.TrimStart(&quot;Hello this is my string&quot;,&quot;hello&quot;,&quot; this is my string&quot;)" executed="True" result="Success" success="True" time="0.029" asserts="1" />
                    </results>
                  </test-suite>
                </results>
              </test-suite>
              <test-suite type="Namespace" name="Surface" executed="True" result="Success" success="True" time="0.042" asserts="0">
                <results>
                  <test-suite type="TestFixture" name="PluginControllerAreaTests" executed="True" result="Success" success="True" time="0.041" asserts="0">
                    <results>
                      <test-case name="Umbraco.Tests.Surface.PluginControllerAreaTests.Ensure_Same_Area1" executed="True" result="Success" success="True" time="0.018" asserts="1" />
                      <test-case name="Umbraco.Tests.Surface.PluginControllerAreaTests.Ensure_Same_Area2" executed="True" result="Success" success="True" time="0.008" asserts="0">
                        <reason>
                          <message><![CDATA[]]></message>
                        </reason>
                      </test-case>
                      <test-case name="Umbraco.Tests.Surface.PluginControllerAreaTests.Ensure_Same_Area3" executed="True" result="Success" success="True" time="0.005" asserts="1" />
                    </results>
                  </test-suite>
                </results>
              </test-suite>
              <test-suite type="Namespace" name="Templates" executed="True" result="Success" success="True" time="0.032" asserts="0">
                <results>
                  <test-suite type="TestFixture" name="MasterPageHelperTests" executed="True" result="Success" success="True" time="0.031" asserts="0">
                    <results>
                      <test-suite type="ParameterizedTest" name="IsMasterPageSyntax" executed="True" result="Success" success="True" time="0.031" asserts="0">
                        <results>
                          <test-case name="Umbraco.Tests.Templates.MasterPageHelperTests.IsMasterPageSyntax(&quot;&lt;%@master language=\&quot;C#\&quot; masterpagefile=\&quot;~/masterpages/umbMaster.master\&quot; autoeventwireup=\&quot;true\&quot; %&gt;&quot;)" executed="True" result="Success" success="True" time="0.003" asserts="1" />
                          <test-case name="Umbraco.Tests.Templates.MasterPageHelperTests.IsMasterPageSyntax(&quot;&lt;%@  Master language=\&quot;C#\&quot; masterpagefile=\&quot;~/masterpages/umbMaster.master\&quot; autoeventwireup=\&quot;true\&quot; %&gt;&quot;)" executed="True" result="Success" success="True" time="0.000" asserts="1" />
                          <test-case name="Umbraco.Tests.Templates.MasterPageHelperTests.IsMasterPageSyntax(&quot;&lt;%@Master language=\&quot;C#\&quot; masterpagefile=\&quot;~/masterpages/umbMaster.master\&quot; autoeventwireup=\&quot;true\&quot; %&gt;&quot;)" executed="True" result="Success" success="True" time="0.000" asserts="1" />
                          <test-case name="Umbraco.Tests.Templates.MasterPageHelperTests.IsMasterPageSyntax(&quot;&lt;%@ Master language=\&quot;C#\&quot; masterpagefile=\&quot;~/masterpages/umbMaster.master\&quot; autoeventwireup=\&quot;true\&quot; %&gt;&quot;)" executed="True" result="Success" success="True" time="0.000" asserts="1" />
                          <test-case name="Umbraco.Tests.Templates.MasterPageHelperTests.IsMasterPageSyntax(&quot;&lt;%@ master language=\&quot;C#\&quot; masterpagefile=\&quot;~/masterpages/umbMaster.master\&quot; autoeventwireup=\&quot;true\&quot; %&gt;&quot;)" executed="True" result="Success" success="True" time="0.000" asserts="1" />
                        </results>
                      </test-suite>
                    </results>
                  </test-suite>
                </results>
              </test-suite>
              <test-suite type="TestFixture" name="TypeFinderTests" executed="True" result="Success" success="True" time="0.085" asserts="0">
                <results>
                  <test-case name="Umbraco.Tests.TypeFinderTests.Benchmark_New_Finder" executed="False" result="Ignored">
                    <reason>
                      <message><![CDATA[]]></message>
                    </reason>
                  </test-case>
                  <test-case name="Umbraco.Tests.TypeFinderTests.Benchmark_Original_Finder" executed="False" result="Ignored">
                    <reason>
                      <message><![CDATA[]]></message>
                    </reason>
                  </test-case>
                  <test-case name="Umbraco.Tests.TypeFinderTests.Find_Class_Of_Type_With_Attribute" executed="True" result="Success" success="True" time="0.008" asserts="1" />
                  <test-case name="Umbraco.Tests.TypeFinderTests.Find_Classes_Of_Type" executed="True" result="Success" success="True" time="0.048" asserts="3" />
                  <test-case name="Umbraco.Tests.TypeFinderTests.Find_Classes_With_Attribute" executed="True" result="Success" success="True" time="0.010" asserts="1" />
                </results>
              </test-suite>
              <test-suite type="TestFixture" name="TypeHelperTests" executed="True" result="Success" success="True" time="0.248" asserts="1">
                <results>
                  <test-case name="Umbraco.Tests.TypeHelperTests.Find_Common_Base_Class" executed="True" result="Success" success="True" time="0.020" asserts="1">
                    <reason>
                      <message><![CDATA[SetUp : Automatically avoided running test in full trust as it passed in partial trust]]></message>
                    </reason>
                  </test-case>
                  <test-case name="Umbraco.Tests.TypeHelperTests.Is_Static_Class" executed="True" result="Success" success="True" time="0.003" asserts="1">
                    <reason>
                      <message><![CDATA[SetUp : Automatically avoided running test in full trust as it passed in partial trust]]></message>
                    </reason>
                  </test-case>
                </results>
              </test-suite>
              <test-suite type="TestFixture" name="UriUtilityTests" executed="True" result="Success" success="True" time="0.263" asserts="0">
                <results>
                  <test-suite type="ParameterizedTest" name="Uri_From_Umbraco" executed="True" result="Success" success="True" time="0.078" asserts="0">
                    <results>
                      <test-case name="Umbraco.Tests.UriUtilityTests.Uri_From_Umbraco(&quot;/home/sub1&quot;,&quot;/home/sub1/&quot;,True,True)" executed="True" result="Success" success="True" time="0.002" asserts="1" />
                      <test-case name="Umbraco.Tests.UriUtilityTests.Uri_From_Umbraco(&quot;/home&quot;,&quot;/home/&quot;,True,True)" executed="True" result="Success" success="True" time="0.000" asserts="1" />
                      <test-case name="Umbraco.Tests.UriUtilityTests.Uri_From_Umbraco(&quot;/&quot;,&quot;/&quot;,True,True)" executed="True" result="Success" success="True" time="0.000" asserts="1" />
                      <test-case name="Umbraco.Tests.UriUtilityTests.Uri_From_Umbraco(&quot;/home/sub1&quot;,&quot;/home/sub1&quot;,True,False)" executed="True" result="Success" success="True" time="0.000" asserts="1" />
                      <test-case name="Umbraco.Tests.UriUtilityTests.Uri_From_Umbraco(&quot;/home&quot;,&quot;/home&quot;,True,False)" executed="True" result="Success" success="True" time="0.000" asserts="1" />
                      <test-case name="Umbraco.Tests.UriUtilityTests.Uri_From_Umbraco(&quot;/&quot;,&quot;/&quot;,True,False)" executed="True" result="Success" success="True" time="0.000" asserts="1" />
                      <test-case name="Umbraco.Tests.UriUtilityTests.Uri_From_Umbraco(&quot;/home/sub1&quot;,&quot;/home/sub1.aspx&quot;,False,True)" executed="True" result="Success" success="True" time="0.000" asserts="1" />
                      <test-case name="Umbraco.Tests.UriUtilityTests.Uri_From_Umbraco(&quot;/home&quot;,&quot;/home.aspx&quot;,False,True)" executed="True" result="Success" success="True" time="0.000" asserts="1" />
                      <test-case name="Umbraco.Tests.UriUtilityTests.Uri_From_Umbraco(&quot;/&quot;,&quot;/&quot;,False,True)" executed="True" result="Success" success="True" time="0.000" asserts="1" />
                      <test-case name="Umbraco.Tests.UriUtilityTests.Uri_From_Umbraco(&quot;/home/sub1&quot;,&quot;/home/sub1.aspx&quot;,False,False)" executed="True" result="Success" success="True" time="0.000" asserts="1" />
                      <test-case name="Umbraco.Tests.UriUtilityTests.Uri_From_Umbraco(&quot;/home&quot;,&quot;/home.aspx&quot;,False,False)" executed="True" result="Success" success="True" time="0.000" asserts="1" />
                      <test-case name="Umbraco.Tests.UriUtilityTests.Uri_From_Umbraco(&quot;/&quot;,&quot;/&quot;,False,False)" executed="True" result="Success" success="True" time="0.000" asserts="1" />
                    </results>
                  </test-suite>
                  <test-suite type="ParameterizedTest" name="Uri_To_Absolute" executed="True" result="Success" success="True" time="0.043" asserts="0">
                    <results>
                      <test-case name="Umbraco.Tests.UriUtilityTests.Uri_To_Absolute(&quot;/vdir&quot;,&quot;~/foo&quot;,&quot;/vdir/foo&quot;)" executed="True" result="Success" success="True" time="0.000" asserts="1" />
                      <test-case name="Umbraco.Tests.UriUtilityTests.Uri_To_Absolute(&quot;/vdir&quot;,&quot;/foo/&quot;,&quot;/vdir/foo/&quot;)" executed="True" result="Success" success="True" time="0.000" asserts="1" />
                      <test-case name="Umbraco.Tests.UriUtilityTests.Uri_To_Absolute(&quot;/vdir&quot;,&quot;/foo&quot;,&quot;/vdir/foo&quot;)" executed="True" result="Success" success="True" time="0.000" asserts="1" />
                      <test-case name="Umbraco.Tests.UriUtilityTests.Uri_To_Absolute(&quot;/vdir&quot;,&quot;/&quot;,&quot;/vdir/&quot;)" executed="True" result="Success" success="True" time="0.000" asserts="1" />
                      <test-case name="Umbraco.Tests.UriUtilityTests.Uri_To_Absolute(&quot;/&quot;,&quot;~/foo&quot;,&quot;/foo&quot;)" executed="True" result="Success" success="True" time="0.000" asserts="1" />
                      <test-case name="Umbraco.Tests.UriUtilityTests.Uri_To_Absolute(&quot;/&quot;,&quot;/foo&quot;,&quot;/foo&quot;)" executed="True" result="Success" success="True" time="0.000" asserts="1" />
                      <test-case name="Umbraco.Tests.UriUtilityTests.Uri_To_Absolute(&quot;/&quot;,&quot;/&quot;,&quot;/&quot;)" executed="True" result="Success" success="True" time="0.000" asserts="1" />
                    </results>
                  </test-suite>
                  <test-suite type="ParameterizedTest" name="Uri_To_Umbraco" executed="True" result="Success" success="True" time="0.089" asserts="0">
                    <results>
                      <test-case name="Umbraco.Tests.UriUtilityTests.Uri_To_Umbraco(&quot;http://Localhost/deFault.aspx/Home.aspx/deFault.aspx/Sub1.aspx&quot;,&quot;http://localhost/home/default/sub1&quot;)" executed="True" result="Success" success="True" time="0.000" asserts="1" />
                      <test-case name="Umbraco.Tests.UriUtilityTests.Uri_To_Umbraco(&quot;http://Localhost/Home.aspx/Sub1.aspx/Sub2?x=y&quot;,&quot;http://localhost/home/sub1/sub2?x=y&quot;)" executed="True" result="Success" success="True" time="0.000" asserts="1" />
                      <test-case name="Umbraco.Tests.UriUtilityTests.Uri_To_Umbraco(&quot;http://Localhost/Home/Sub1.aspx/Sub2?x=y&quot;,&quot;http://localhost/home/sub1/sub2?x=y&quot;)" executed="True" result="Success" success="True" time="0.000" asserts="1" />
                      <test-case name="Umbraco.Tests.UriUtilityTests.Uri_To_Umbraco(&quot;http://Localhost/Home/Sub1.aspx/Sub2&quot;,&quot;http://localhost/home/sub1/sub2&quot;)" executed="True" result="Success" success="True" time="0.000" asserts="1" />
                      <test-case name="Umbraco.Tests.UriUtilityTests.Uri_To_Umbraco(&quot;http://LocalHost/deFault.aspx?x=y&quot;,&quot;http://localhost/?x=y&quot;)" executed="True" result="Success" success="True" time="0.000" asserts="1" />
                      <test-case name="Umbraco.Tests.UriUtilityTests.Uri_To_Umbraco(&quot;http://LocalHost/deFault.aspx&quot;,&quot;http://localhost/&quot;)" executed="True" result="Success" success="True" time="0.000" asserts="1" />
                      <test-case name="Umbraco.Tests.UriUtilityTests.Uri_To_Umbraco(&quot;http://LocalHost/Home/Sub1/?x=y&quot;,&quot;http://localhost/home/sub1?x=y&quot;)" executed="True" result="Success" success="True" time="0.000" asserts="1" />
                      <test-case name="Umbraco.Tests.UriUtilityTests.Uri_To_Umbraco(&quot;http://LocalHost/Home/Sub1/&quot;,&quot;http://localhost/home/sub1&quot;)" executed="True" result="Success" success="True" time="0.000" asserts="1" />
                      <test-case name="Umbraco.Tests.UriUtilityTests.Uri_To_Umbraco(&quot;http://LocalHost/Home/?x=y&quot;,&quot;http://localhost/home?x=y&quot;)" executed="True" result="Success" success="True" time="0.000" asserts="1" />
                      <test-case name="Umbraco.Tests.UriUtilityTests.Uri_To_Umbraco(&quot;http://LocalHost/Home/&quot;,&quot;http://localhost/home&quot;)" executed="True" result="Success" success="True" time="0.000" asserts="1" />
                      <test-case name="Umbraco.Tests.UriUtilityTests.Uri_To_Umbraco(&quot;http://LocalHost/&quot;,&quot;http://localhost/&quot;)" executed="True" result="Success" success="True" time="0.000" asserts="1" />
                      <test-case name="Umbraco.Tests.UriUtilityTests.Uri_To_Umbraco(&quot;http://LocalHost/Home/Sub1.aspx?x=y&quot;,&quot;http://localhost/home/sub1?x=y&quot;)" executed="True" result="Success" success="True" time="0.000" asserts="1" />
                      <test-case name="Umbraco.Tests.UriUtilityTests.Uri_To_Umbraco(&quot;http://LocalHost/Home/Sub1.aspx&quot;,&quot;http://localhost/home/sub1&quot;)" executed="True" result="Success" success="True" time="0.000" asserts="1" />
                      <test-case name="Umbraco.Tests.UriUtilityTests.Uri_To_Umbraco(&quot;http://LocalHost/Home.aspx?x=y&quot;,&quot;http://localhost/home?x=y&quot;)" executed="True" result="Success" success="True" time="0.000" asserts="1" />
                      <test-case name="Umbraco.Tests.UriUtilityTests.Uri_To_Umbraco(&quot;http://LocalHost/Home.aspx&quot;,&quot;http://localhost/home&quot;)" executed="True" result="Success" success="True" time="0.000" asserts="1" />
                      <test-case name="Umbraco.Tests.UriUtilityTests.Uri_To_Umbraco(&quot;http://LocalHost/Home/Sub1?x=y&quot;,&quot;http://localhost/home/sub1?x=y&quot;)" executed="True" result="Success" success="True" time="0.000" asserts="1" />
                      <test-case name="Umbraco.Tests.UriUtilityTests.Uri_To_Umbraco(&quot;http://LocalHost/Home/Sub1&quot;,&quot;http://localhost/home/sub1&quot;)" executed="True" result="Success" success="True" time="0.000" asserts="1" />
                      <test-case name="Umbraco.Tests.UriUtilityTests.Uri_To_Umbraco(&quot;http://LocalHost/Home?x=y&quot;,&quot;http://localhost/home?x=y&quot;)" executed="True" result="Success" success="True" time="0.000" asserts="1" />
                      <test-case name="Umbraco.Tests.UriUtilityTests.Uri_To_Umbraco(&quot;http://LocalHost/Home&quot;,&quot;http://localhost/home&quot;)" executed="True" result="Success" success="True" time="0.000" asserts="1" />
                      <test-case name="Umbraco.Tests.UriUtilityTests.Uri_To_Umbraco(&quot;http://LocalHost/?x=y&quot;,&quot;http://localhost/?x=y&quot;)" executed="True" result="Success" success="True" time="0.000" asserts="1" />
                      <test-case name="Umbraco.Tests.UriUtilityTests.Uri_To_Umbraco(&quot;http://LocalHost/&quot;,&quot;http://localhost/&quot;)" executed="True" result="Success" success="True" time="0.000" asserts="1" />
                    </results>
                  </test-suite>
                  <test-suite type="ParameterizedTest" name="Url_To_App_Relative" executed="True" result="Success" success="True" time="0.026" asserts="0">
                    <results>
                      <test-case name="Umbraco.Tests.UriUtilityTests.Url_To_App_Relative(&quot;/vdir&quot;,&quot;/vdir/foo/&quot;,&quot;/foo/&quot;)" executed="True" result="Success" success="True" time="0.000" asserts="1" />
                      <test-case name="Umbraco.Tests.UriUtilityTests.Url_To_App_Relative(&quot;/vdir&quot;,&quot;/vdir/foo&quot;,&quot;/foo&quot;)" executed="True" result="Success" success="True" time="0.000" asserts="1" />
                      <test-case name="Umbraco.Tests.UriUtilityTests.Url_To_App_Relative(&quot;/vdir&quot;,&quot;/vdir/&quot;,&quot;/&quot;)" executed="True" result="Success" success="True" time="0.000" asserts="1" />
                      <test-case name="Umbraco.Tests.UriUtilityTests.Url_To_App_Relative(&quot;/vdir&quot;,&quot;/vdir&quot;,&quot;/&quot;)" executed="True" result="Success" success="True" time="0.000" asserts="1" />
                      <test-case name="Umbraco.Tests.UriUtilityTests.Url_To_App_Relative(&quot;/&quot;,&quot;/foo/&quot;,&quot;/foo/&quot;)" executed="True" result="Success" success="True" time="0.000" asserts="1" />
                      <test-case name="Umbraco.Tests.UriUtilityTests.Url_To_App_Relative(&quot;/&quot;,&quot;/foo&quot;,&quot;/foo&quot;)" executed="True" result="Success" success="True" time="0.000" asserts="1" />
                      <test-case name="Umbraco.Tests.UriUtilityTests.Url_To_App_Relative(&quot;/&quot;,&quot;/&quot;,&quot;/&quot;)" executed="True" result="Success" success="True" time="0.000" asserts="1" />
                    </results>
                  </test-suite>
                </results>
              </test-suite>
              <test-suite type="TestFixture" name="XmlHelperTests" executed="True" result="Success" success="True" time="0.036" asserts="0">
                <results>
                  <test-case name="Umbraco.Tests.XmlHelperTests.Sort_Nodes" executed="True" result="Success" success="True" time="0.020" asserts="31" />
                  <test-case name="Umbraco.Tests.XmlHelperTests.Sort_Nodes_Benchmark_Legacy" executed="False" result="Ignored">
                    <reason>
                      <message><![CDATA[This is a benchmark test so is ignored by default]]></message>
                    </reason>
                  </test-case>
                  <test-case name="Umbraco.Tests.XmlHelperTests.Sort_Nodes_Benchmark_New" executed="False" result="Ignored">
                    <reason>
                      <message><![CDATA[This is a benchmark test so is ignored by default]]></message>
                    </reason>
                  </test-case>
                </results>
              </test-suite>
            </results>
          </test-suite>
        </results>
      </test-suite>
    </results>
  </test-suite>
</test-results>